Сборка начата 18.11.2023 15:58:20.
Уровень детализации журнала: Normal.     1>Проект "D:\User\Desktop\EverythingForBSTU\Narkevich\КПО\2-ой курс 3-ий семестр\LaboratoryWorks\LBR_15\Solution\SE_Lab15\SE_Lab14.vcxproj" в узле 2 (целевые объекты Build).
     1>InitializeBuildStatus:
         Обращение к "Debug\SE_Lab14.tlog\unsuccessfulbuild".
       ClCompile:
         C:\Program Files\Microsoft Visual Studio\2022\Community\VC\Tools\MSVC\14.37.32822\bin\HostX86\x86\CL.exe /c /ZI /JMC /nologo /W3 /WX- /diagnostics:column /sdl /Od /Oy- /D WIN32 /D _DEBUG /D _CONSOLE /D _UNICODE /D UNICODE /Gm- /EHsc /RTC1 /MDd /GS /fp:precise /Zc:wchar_t /Zc:forScope /Zc:inline /permissive- /Fo"Debug\\" /Fd"Debug\vc143.pdb" /external:W3 /Gd /TP /analyze- /FC /errorReport:prompt In.cpp log.cpp Parm.cpp
         In.cpp
     1>D:\User\Desktop\EverythingForBSTU\Narkevich\КПО\2-ой курс 3-ий семестр\LaboratoryWorks\LBR_15\Solution\SE_Lab15\In.cpp(8,25): warning C4018: <: несоответствие типов со знаком и без знака
     1>D:\User\Desktop\EverythingForBSTU\Narkevich\КПО\2-ой курс 3-ий семестр\LaboratoryWorks\LBR_15\Solution\SE_Lab15\In.cpp(14,10): error C4430: отсутствует спецификатор типа - предполагается int. Примечание. C++ не поддерживает int по умолчанию
     1>D:\User\Desktop\EverythingForBSTU\Narkevich\КПО\2-ой курс 3-ий семестр\LaboratoryWorks\LBR_15\Solution\SE_Lab15\In.cpp(14,5): error C2146: синтаксическая ошибка: отсутствие ";" перед идентификатором "getin"
     1>D:\User\Desktop\EverythingForBSTU\Narkevich\КПО\2-ой курс 3-ий семестр\LaboratoryWorks\LBR_15\Solution\SE_Lab15\In.cpp(15,2): error C2143: синтаксическая ошибка: отсутствие ";" перед "{"
     1>D:\User\Desktop\EverythingForBSTU\Narkevich\КПО\2-ой курс 3-ий семестр\LaboratoryWorks\LBR_15\Solution\SE_Lab15\In.cpp(15,2): error C2447: {: отсутствует заголовок функции (возможно, используется формальный список старого типа)
         log.cpp
         Parm.cpp
         Создание кода...
     1>Сборка проекта "D:\User\Desktop\EverythingForBSTU\Narkevich\КПО\2-ой курс 3-ий семестр\LaboratoryWorks\LBR_15\Solution\SE_Lab15\SE_Lab14.vcxproj" завершена (целевые объекты Build) с ошибкой.

Ошибка сборки.

       "D:\User\Desktop\EverythingForBSTU\Narkevich\КПО\2-ой курс 3-ий семестр\LaboratoryWorks\LBR_15\Solution\SE_Lab15\SE_Lab14.vcxproj" (целевой объект Build ) (1) ->
       (Целевой объект ClCompile) -> 
         D:\User\Desktop\EverythingForBSTU\Narkevich\КПО\2-ой курс 3-ий семестр\LaboratoryWorks\LBR_15\Solution\SE_Lab15\In.cpp(8,25): warning C4018: <: несоответствие типов со знаком и без знака


       "D:\User\Desktop\EverythingForBSTU\Narkevich\КПО\2-ой курс 3-ий семестр\LaboratoryWorks\LBR_15\Solution\SE_Lab15\SE_Lab14.vcxproj" (целевой объект Build ) (1) ->
       (Целевой объект ClCompile) -> 
         D:\User\Desktop\EverythingForBSTU\Narkevich\КПО\2-ой курс 3-ий семестр\LaboratoryWorks\LBR_15\Solution\SE_Lab15\In.cpp(14,10): error C4430: отсутствует спецификатор типа - предполагается int. Примечание. C++ не поддерживает int по умолчанию
         D:\User\Desktop\EverythingForBSTU\Narkevich\КПО\2-ой курс 3-ий семестр\LaboratoryWorks\LBR_15\Solution\SE_Lab15\In.cpp(14,5): error C2146: синтаксическая ошибка: отсутствие ";" перед идентификатором "getin"
         D:\User\Desktop\EverythingForBSTU\Narkevich\КПО\2-ой курс 3-ий семестр\LaboratoryWorks\LBR_15\Solution\SE_Lab15\In.cpp(15,2): error C2143: синтаксическая ошибка: отсутствие ";" перед "{"
         D:\User\Desktop\EverythingForBSTU\Narkevich\КПО\2-ой курс 3-ий семестр\LaboratoryWorks\LBR_15\Solution\SE_Lab15\In.cpp(15,2): error C2447: {: отсутствует заголовок функции (возможно, используется формальный список старого типа)

    Предупреждений: 1
    Ошибок: 4

Прошло времени 00:00:01.86
